<?xml version="1.0" encoding="UTF-8"?>
<!-- Generated by org.testng.reporters.JUnitReportReporter -->
<testsuite skipped="0" hostname="DESKTOP-7QLSOKU" name="RestAPITest.GetUserStatic" tests="2" failures="0" timestamp="2022-01-04T21:07:02 CST" time="2.439" errors="0">
  <testcase name="getRequestExample" time="1.712" classname="RestAPITest.GetUserStatic"/>
  <system-out/>
  <testcase name="getWithGiven" time="0.727" classname="RestAPITest.GetUserStatic"/>
  <system-out/>
</testsuite> <!-- RestAPITest.GetUserStatic -->
