<?xml version="1.0" encoding="UTF-8"?>
<!-- Generated by org.testng.reporters.JUnitReportReporter -->
<testsuite skipped="0" hostname="DESKTOP-7QLSOKU" name="RestAPITest.GetUser" tests="1" failures="0" timestamp="2022-01-04T20:38:11 CST" time="1.754" errors="0">
  <testcase name="getRequestExample" time="1.754" classname="RestAPITest.GetUser"/>
  <system-out/>
</testsuite> <!-- RestAPITest.GetUser -->
